<?xml version="1.0" encoding="UTF-8"?>
<testsuite xmlns:xsi="http://www.w3.org/2001/XMLSchema-instance" xsi:noNamespaceSchemaLocation="https://maven.apache.org/surefire/maven-surefire-plugin/xsd/surefire-test-report-3.0.xsd" version="3.0" name="dk.sdu.mmmi.cbse.collisionsystem.TestCollision" time="0.118" tests="2" errors="0" skipped="0" failures="0">
  <properties>
[...]
</properties>
  <testcase name="testIsColliding" classname="dk.sdu.mmmi.cbse.collisionsystem.TestCollision" time="0.033"/>
  <testcase name="testIsColliding2" classname="dk.sdu.mmmi.cbse.collisionsystem.TestCollision" time="0.002"/>
</testsuite>